<?xml version="1.0" encoding="UTF-8" ?>
<testsuite tests="10" failures="2" name="Tests.TestRunner" time="178.362" errors="0" skipped="0">
  <properties>
[...]
</properties>
  <testcase classname="| F9 | Schedules | 24MAY18 |" name="Given Iam logged in" time="0"/>
  <testcase classname="| F9 | Schedules | 24MAY18 |" name="And Iam on \&quot;ntp7admin\&quot; menu" time="0"/>
  <testcase classname="| F9 | Schedules | 24MAY18 |" name="When I click on \&quot;Commit Date Reset\&quot; menu" time="0"/>
  <testcase classname="| F9 | Schedules | 24MAY18 |" name="Then I should be able to reset commit date for \&quot;F9\&quot; with \&quot;Schedules\&quot; and \&quot;24MAY18\&quot;" time="0"/>
  <testcase classname="| F9 | Schedules | 24MAY18 |" name="And Iam on \&quot;schedules\&quot; menu" time="0"/>
  <testcase classname="| F9 | Schedules | 24MAY18 |" name="When I search for \&quot;F9\&quot; with \&quot;Schedules\&quot; with \&quot;Current Level Only\&quot; RSD" time="0"/>
  <testcase classname="| F9 | Schedules | 24MAY18 |" name="And I  edit and  save each itenerary" time="0"/>
  <testcase classname="| F9 | Schedules | 24MAY18 |" name="When I click on \&quot;Work In Progress\&quot; menu" time="0"/>
  <testcase classname="| F9 | Schedules | 24MAY18 |" name="Then I should be able to initiate commit for \&quot;F9\&quot; with \&quot;Schedules\&quot; verifying\&quot;24MAY18\&quot;" time="0.005">
    <failure message="RSD date is not same" type="java.lang.AssertionError">java.lang.AssertionError: RSD date is not same
	at org.junit.Assert.fail(Assert.java:88)
	at org.junit.Assert.assertTrue(Assert.java:41)
	at Pages.UpmPage.initCommitRsdCarrier(UpmPage.java:87)
	at Tests.NtpTests.iShouldBeAbleToInitiateCommitForWithVerifying(NtpTests.java:22)
	at ✽.Then I should be able to initiate commit for &quot;F9&quot; with &quot;Schedules&quot; verifying&quot;24MAY18&quot;(CommitDateReset.feature:18)
</failure>
    <system-out>18Number of carriers found 


0V Vietnam Air Service Company
Schedules
2L Helvetic Airways
Schedules
AI Air India
Schedules
AM Aeromexico
Schedules
DD Nok Air
Schedules
DT TAAG Angola Airlines
Test
F9 Frontier Airlines Inc.
Schedules
Found the carrier ** F9 Frontier Airlines Inc.With version **Schedulesat the index of ***7
</system-out>
  </testcase>
  <testcase classname="| F9 | Schedules | 24MAY18 |" name="| F9 | Schedules | 24MAY18 |" time="0.005">
    <failure message="RSD date is not same" type="java.lang.AssertionError">java.lang.AssertionError: RSD date is not same
	at org.junit.Assert.fail(Assert.java:88)
	at org.junit.Assert.assertTrue(Assert.java:41)
	at Pages.UpmPage.initCommitRsdCarrier(UpmPage.java:87)
	at Tests.NtpTests.iShouldBeAbleToInitiateCommitForWithVerifying(NtpTests.java:22)
	at ✽.Then I should be able to initiate commit for &quot;F9&quot; with &quot;Schedules&quot; verifying&quot;24MAY18&quot;(CommitDateReset.feature:18)
</failure>
  </testcase>
</testsuite>