-------------------------------------------------------------------------------
Test set: Tests.TestRunner
-------------------------------------------------------------------------------
Tests run: 10, Failures: 2, Errors: 0, Skipped: 0, Time elapsed: 178.358 sec <<< FAILURE!
Then I should be able to initiate commit for \"F9\" with \"Schedules\" verifying\"24MAY18\"(| F9 | Schedules | 24MAY18 |)  Time elapsed: 0.005 sec  <<< FAILURE!
java.lang.AssertionError: RSD date is not same
	at org.junit.Assert.fail(Assert.java:88)
	at org.junit.Assert.assertTrue(Assert.java:41)
	at Pages.UpmPage.initCommitRsdCarrier(UpmPage.java:87)
	at Tests.NtpTests.iShouldBeAbleToInitiateCommitForWithVerifying(NtpTests.java:22)
	at ?.Then I should be able to initiate commit for "F9" with "Schedules" verifying"24MAY18"(CommitDateReset.feature:18)
| F9 | Schedules | 24MAY18 |  Time elapsed: 0.005 sec  <<< FAILURE!
java.lang.AssertionError: RSD date is not same
	at org.junit.Assert.fail(Assert.java:88)
	at org.junit.Assert.assertTrue(Assert.java:41)
	at Pages.UpmPage.initCommitRsdCarrier(UpmPage.java:87)
	at Tests.NtpTests.iShouldBeAbleToInitiateCommitForWithVerifying(NtpTests.java:22)
	at ?.Then I should be able to initiate commit for "F9" with "Schedules" verifying"24MAY18"(CommitDateReset.feature:18)
